<?xml version="1.0" encoding="utf-8"?><testsuites name="pytest tests"><testsuite name="pytest" errors="0" failures="2" skipped="0" tests="23" time="58.157" timestamp="2025-08-20T22:04:54.177584-07:00" hostname="Sujeeths-MacBook-Pro.local"><testcase classname="tests.integration.test_hermetic_integration.TestHermeticIntegration" name="test_hermetic_selftest_determinism" time="4.366" /><testcase classname="tests.integration.test_hermetic_integration.TestHermeticIntegration" name="test_hermetic_metrics_generation" time="2.178" /><testcase classname="tests.integration.test_hermetic_integration.TestHermeticIntegration" name="test_hermetic_cleanup_verification" time="2.193" /><testcase classname="tests.integration.test_run_arms_determinism.TestRunArmsDeterminism" name="test_config_override_rejection" time="1.060" /><testcase classname="tests.integration.test_run_arms_determinism.TestRunArmsDeterminism" name="test_different_seeds_produce_different_metrics" time="10.885" /><testcase classname="tests.integration.test_run_arms_determinism.TestRunArmsDeterminism" name="test_hermetic_network_blocking" time="3.134" /><testcase classname="tests.integration.test_run_arms_determinism.TestRunArmsDeterminism" name="test_identical_runs_produce_identical_metrics" time="10.743" /><testcase classname="tests.integration.test_run_arms_determinism.TestRunArmsDeterminism" name="test_metrics_schema_compliance" time="5.396" /><testcase classname="tests.integration.test_run_arms_determinism.TestRunArmsDeterminism" name="test_parquet_deterministic_hash" time="7.053"><failure message="TypeError: NDFrame.to_json() got an unexpected keyword argument 'sort_keys'">tests/integration/test_run_arms_determinism.py:322: in test_parquet_deterministic_hash
    content1 = df1_clean.to_json(orient="records", sort_keys=True)
               ^^^^^^^^^^^^^^^^^^^^^^^^^^^^^^^^^^^^^^^^^^^^^^^^^^^
/opt/homebrew/lib/python3.11/site-packages/pandas/util/_decorators.py:333: in wrapper
    return func(*args, **kwargs)
           ^^^^^^^^^^^^^^^^^^^^^
E   TypeError: NDFrame.to_json() got an unexpected keyword argument 'sort_keys'</failure></testcase><testcase classname="tests.test_evidence_pack_presence" name="test_claude_md_evidence_pack_sections_present" time="0.000" /><testcase classname="tests.test_hermetic.TestHermeticRun" name="test_network_blocked_in_venv_py" time="2.091"><failure message="AssertionError: Network not blocked properly: &#10;assert 1 in (0, 2)&#10; +  where 1 = CompletedProcess(args=['scratch/test_network/run_1755752742169/venv/bin/python', '-c', '\nimport socket\nimport sys\n\...   print(f&quot;UNEXPECTED: {e}&quot;)\n        sys.exit(2)\n'], returncode=1, stdout='ERROR: Connection succeeded\n', stderr='').returncode">tests/test_hermetic.py:67: in test_network_blocked_in_venv_py
    assert result.returncode in (0, 2), f"Network not blocked properly: {result.stderr}"
E   AssertionError: Network not blocked properly: 
E   assert 1 in (0, 2)
E    +  where 1 = CompletedProcess(args=['scratch/test_network/run_1755752742169/venv/bin/python', '-c', '\nimport socket\nimport sys\n\...   print(f"UNEXPECTED: {e}")\n        sys.exit(2)\n'], returncode=1, stdout='ERROR: Connection succeeded\n', stderr='').returncode</failure></testcase><testcase classname="tests.test_hermetic.TestHermeticRun" name="test_worktree_detached_and_clean" time="2.001" /><testcase classname="tests.test_hermetic.TestHermeticRun" name="test_manifest_fields_and_stable_hash" time="4.089" /><testcase classname="tests.test_hermetic.TestHermeticRun" name="test_cleanup_no_residue" time="1.970" /><testcase classname="tests.test_run_arms_parity.TestConfigParity" name="test_config_hash_computed" time="0.000" /><testcase classname="tests.test_run_arms_parity.TestConfigParity" name="test_only_canonical_config_allowed" time="0.000" /><testcase classname="tests.test_run_arms_parity.TestConfigParity" name="test_reject_overrides" time="0.000" /><testcase classname="tests.test_run_arms_parity.TestSeedDeterminism" name="test_same_seed_identical_output" time="0.002" /><testcase classname="tests.test_run_arms_parity.TestSeedDeterminism" name="test_seed_all_deterministic" time="0.001" /><testcase classname="tests.test_run_arms_parity.TestSeedDeterminism" name="test_task_seed_deterministic" time="0.000" /><testcase classname="tests.test_run_arms_parity.TestSeedDeterminism" name="test_verify_determinism_helper" time="0.000" /><testcase classname="tests.test_run_arms_parity.TestMetricsOutput" name="test_metrics_jsonl_format" time="0.001" /><testcase classname="tests.test_run_arms_parity.TestMetricsOutput" name="test_summary_parquet_format" time="0.004" /></testsuite></testsuites>